app/build/intermediates/manifest_merge_blame_file/debug/processDebugMainManifest/manifest-merger-blame-debug-report.txt
1<?xml version="1.0" encoding="utf-8"?>
2<manifest xmlns:android="http://schemas.android.com/apk/res/android"
3    package="com.example.moviesearch"
4    android:versionCode="1"
5    android:versionName="1.0" >
6
7    <uses-sdk
8        android:minSdkVersion="28"
9        android:targetSdkVersion="34" />
10
11    <uses-permission android:name="android.permission.INTERNET" />
11-->src\main\AndroidManifest.xml:5:5-67
11-->src\main\AndroidManifest.xml:5:22-64
12    <uses-permission android:name="android.permission.POST_NOTIFICATIONS" />
12-->src\main\AndroidManifest.xml:6:5-77
12-->src\main\AndroidManifest.xml:6:22-74
13    <uses-permission android:name="android.permission.WRITE_EXTERNAL_STORAGE" />
13-->src\main\AndroidManifest.xml:7:5-81
13-->src\main\AndroidManifest.xml:7:22-78
14    <uses-permission android:name="android.permission.READ_EXTERNAL_STORAGE" />
14-->src\main\AndroidManifest.xml:8:5-80
14-->src\main\AndroidManifest.xml:8:22-77
15
16    <queries>
16-->[com.android.car.ui:car-ui-lib:2.6.0] AndroidManifest.xml:23:5-34:15
17
18        <!-- Required for querying the IME service at runtime -->
19        <intent>
19-->[com.android.car.ui:car-ui-lib:2.6.0] AndroidManifest.xml:26:9-28:18
20            <action android:name="android.view.InputMethod" />
20-->[com.android.car.ui:car-ui-lib:2.6.0] AndroidManifest.xml:27:13-63
20-->[com.android.car.ui:car-ui-lib:2.6.0] AndroidManifest.xml:27:21-60
21        </intent>
22        <!-- Required for querying the plugin at runtime -->
23        <provider
23-->[com.android.car.ui:car-ui-lib:2.6.0] AndroidManifest.xml:30:9-33:67
24            android:name="com.android.car.ui.plugin.PluginNameProvider"
24-->[com.android.car.ui:car-ui-lib:2.6.0] AndroidManifest.xml:31:13-72
25            android:authorities="com.android.car.ui.plugin" />
25-->[com.android.car.ui:car-ui-lib:2.6.0] AndroidManifest.xml:32:13-60
26    </queries>
27
28    <permission
28-->[androidx.core:core:1.13.1] AndroidManifest.xml:22:5-24:47
29        android:name="com.example.moviesearch.DYNAMIC_RECEIVER_NOT_EXPORTED_PERMISSION"
29-->[androidx.core:core:1.13.1] AndroidManifest.xml:23:9-81
30        android:protectionLevel="signature" />
30-->[androidx.core:core:1.13.1] AndroidManifest.xml:24:9-44
31
32    <uses-permission android:name="com.example.moviesearch.DYNAMIC_RECEIVER_NOT_EXPORTED_PERMISSION" />
32-->[androidx.core:core:1.13.1] AndroidManifest.xml:26:5-97
32-->[androidx.core:core:1.13.1] AndroidManifest.xml:26:22-94
33    <uses-permission android:name="android.permission.ACCESS_NETWORK_STATE" />
33-->[com.google.android.datatransport:transport-runtime:4.0.0] AndroidManifest.xml:20:5-79
33-->[com.google.android.datatransport:transport-runtime:4.0.0] AndroidManifest.xml:20:22-76
34
35    <application
35-->src\main\AndroidManifest.xml:10:5-42:19
36        android:name="com.example.moviesearch.App"
36-->src\main\AndroidManifest.xml:11:9-28
37        android:allowBackup="true"
37-->src\main\AndroidManifest.xml:12:9-35
38        android:appComponentFactory="androidx.core.app.CoreComponentFactory"
38-->[androidx.core:core:1.13.1] AndroidManifest.xml:28:18-86
39        android:dataExtractionRules="@xml/data_extraction_rules"
39-->src\main\AndroidManifest.xml:13:9-65
40        android:debuggable="true"
41        android:extractNativeLibs="false"
42        android:fullBackupContent="@xml/backup_rules"
42-->src\main\AndroidManifest.xml:14:9-54
43        android:icon="@drawable/ic_movie"
43-->src\main\AndroidManifest.xml:15:9-42
44        android:label="@string/app_name"
44-->src\main\AndroidManifest.xml:16:9-41
45        android:roundIcon="@mipmap/ic_launcher_round"
45-->src\main\AndroidManifest.xml:17:9-54
46        android:supportsRtl="true"
46-->src\main\AndroidManifest.xml:18:9-35
47        android:testOnly="true"
48        android:theme="@style/Base.Theme.MovieSearch" >
48-->src\main\AndroidManifest.xml:19:9-54
49        <activity
49-->src\main\AndroidManifest.xml:21:9-30:20
50            android:name="com.example.moviesearch.SplashActivity"
50-->src\main\AndroidManifest.xml:22:13-43
51            android:exported="true"
51-->src\main\AndroidManifest.xml:23:13-36
52            android:theme="@style/Theme.SplashScreen" >
52-->src\main\AndroidManifest.xml:24:13-54
53            <intent-filter>
53-->src\main\AndroidManifest.xml:25:13-29:29
54                <action android:name="android.intent.action.MAIN" />
54-->src\main\AndroidManifest.xml:26:17-69
54-->src\main\AndroidManifest.xml:26:25-66
55
56                <category android:name="android.intent.category.LAUNCHER" />
56-->src\main\AndroidManifest.xml:28:17-77
56-->src\main\AndroidManifest.xml:28:27-74
57            </intent-filter>
58        </activity>
59        <activity
59-->src\main\AndroidManifest.xml:31:9-33:40
60            android:name="com.example.moviesearch.view.fragments.DetailsFragment"
60-->src\main\AndroidManifest.xml:32:13-59
61            android:exported="false" />
61-->src\main\AndroidManifest.xml:33:13-37
62        <activity
62-->src\main\AndroidManifest.xml:34:9-36:40
63            android:name="com.example.moviesearch.view.MainActivity"
63-->src\main\AndroidManifest.xml:35:13-46
64            android:exported="false" />
64-->src\main\AndroidManifest.xml:36:13-37
65
66        <meta-data
66-->src\main\AndroidManifest.xml:38:9-40:57
67            android:name="preloaded_fonts"
67-->src\main\AndroidManifest.xml:39:13-43
68            android:resource="@array/preloaded_fonts" />
68-->src\main\AndroidManifest.xml:40:13-54
69
70        <receiver android:name="com.example.moviesearch.receivers.ReminderBroadcast" />
70-->src\main\AndroidManifest.xml:41:9-65
70-->src\main\AndroidManifest.xml:41:19-62
71
72        <service
72-->[androidx.room:room-runtime:2.6.1] AndroidManifest.xml:24:9-28:63
73            android:name="androidx.room.MultiInstanceInvalidationService"
73-->[androidx.room:room-runtime:2.6.1] AndroidManifest.xml:25:13-74
74            android:directBootAware="true"
74-->[androidx.room:room-runtime:2.6.1] AndroidManifest.xml:26:13-43
75            android:exported="false" />
75-->[androidx.room:room-runtime:2.6.1] AndroidManifest.xml:27:13-37
76
77        <provider
77-->[com.android.car.ui:car-ui-lib:2.6.0] AndroidManifest.xml:37:9-42:71
78            android:name="com.android.car.ui.core.CarUiInstaller"
78-->[com.android.car.ui:car-ui-lib:2.6.0] AndroidManifest.xml:38:13-66
79            android:authorities="com.example.moviesearch.CarUiInstaller"
79-->[com.android.car.ui:car-ui-lib:2.6.0] AndroidManifest.xml:39:13-66
80            android:directBootAware="true"
80-->[com.android.car.ui:car-ui-lib:2.6.0] AndroidManifest.xml:40:13-43
81            android:exported="false"
81-->[com.android.car.ui:car-ui-lib:2.6.0] AndroidManifest.xml:41:13-37
82            android:process="@string/car_ui_installer_process_name" />
82-->[com.android.car.ui:car-ui-lib:2.6.0] AndroidManifest.xml:42:13-68
83        <provider
83-->[com.android.car.ui:car-ui-lib:2.6.0] AndroidManifest.xml:43:9-48:79
84            android:name="com.android.car.ui.core.SearchResultsProvider"
84-->[com.android.car.ui:car-ui-lib:2.6.0] AndroidManifest.xml:44:13-73
85            android:authorities="com.example.moviesearch.SearchResultsProvider"
85-->[com.android.car.ui:car-ui-lib:2.6.0] AndroidManifest.xml:45:13-73
86            android:exported="true"
86-->[com.android.car.ui:car-ui-lib:2.6.0] AndroidManifest.xml:46:13-36
87            android:process="@string/car_ui_installer_process_name"
87-->[com.android.car.ui:car-ui-lib:2.6.0] AndroidManifest.xml:47:13-68
88            android:readPermission="com.android.car.ui.READ_SEARCH_RESULTS" />
88-->[com.android.car.ui:car-ui-lib:2.6.0] AndroidManifest.xml:48:13-76
89        <provider
89-->[androidx.emoji2:emoji2:1.3.0] AndroidManifest.xml:24:9-32:20
90            android:name="androidx.startup.InitializationProvider"
90-->[androidx.emoji2:emoji2:1.3.0] AndroidManifest.xml:25:13-67
91            android:authorities="com.example.moviesearch.androidx-startup"
91-->[androidx.emoji2:emoji2:1.3.0] AndroidManifest.xml:26:13-68
92            android:exported="false" >
92-->[androidx.emoji2:emoji2:1.3.0] AndroidManifest.xml:27:13-37
93            <meta-data
93-->[androidx.emoji2:emoji2:1.3.0] AndroidManifest.xml:29:13-31:52
94                android:name="androidx.emoji2.text.EmojiCompatInitializer"
94-->[androidx.emoji2:emoji2:1.3.0] AndroidManifest.xml:30:17-75
95                android:value="androidx.startup" />
95-->[androidx.emoji2:emoji2:1.3.0] AndroidManifest.xml:31:17-49
96            <meta-data
96-->[androidx.lifecycle:lifecycle-process:2.6.2] AndroidManifest.xml:29:13-31:52
97                android:name="androidx.lifecycle.ProcessLifecycleInitializer"
97-->[androidx.lifecycle:lifecycle-process:2.6.2] AndroidManifest.xml:30:17-78
98                android:value="androidx.startup" />
98-->[androidx.lifecycle:lifecycle-process:2.6.2] AndroidManifest.xml:31:17-49
99            <meta-data
99-->[androidx.profileinstaller:profileinstaller:1.3.1] AndroidManifest.xml:29:13-31:52
100                android:name="androidx.profileinstaller.ProfileInstallerInitializer"
100-->[androidx.profileinstaller:profileinstaller:1.3.1] AndroidManifest.xml:30:17-85
101                android:value="androidx.startup" />
101-->[androidx.profileinstaller:profileinstaller:1.3.1] AndroidManifest.xml:31:17-49
102        </provider>
103
104        <uses-library
104-->[androidx.window:window:1.0.0] AndroidManifest.xml:25:9-27:40
105            android:name="androidx.window.extensions"
105-->[androidx.window:window:1.0.0] AndroidManifest.xml:26:13-54
106            android:required="false" />
106-->[androidx.window:window:1.0.0] AndroidManifest.xml:27:13-37
107        <uses-library
107-->[androidx.window:window:1.0.0] AndroidManifest.xml:28:9-30:40
108            android:name="androidx.window.sidecar"
108-->[androidx.window:window:1.0.0] AndroidManifest.xml:29:13-51
109            android:required="false" />
109-->[androidx.window:window:1.0.0] AndroidManifest.xml:30:13-37
110
111        <service
111-->[com.google.android.datatransport:transport-runtime:4.0.0] AndroidManifest.xml:24:9-28:19
112            android:name="com.google.android.datatransport.runtime.scheduling.jobscheduling.JobInfoSchedulerService"
112-->[com.google.android.datatransport:transport-runtime:4.0.0] AndroidManifest.xml:25:13-117
113            android:exported="false"
113-->[com.google.android.datatransport:transport-runtime:4.0.0] AndroidManifest.xml:26:13-37
114            android:permission="android.permission.BIND_JOB_SERVICE" >
114-->[com.google.android.datatransport:transport-runtime:4.0.0] AndroidManifest.xml:27:13-69
115        </service>
116
117        <receiver
117-->[com.google.android.datatransport:transport-runtime:4.0.0] AndroidManifest.xml:30:9-32:40
118            android:name="com.google.android.datatransport.runtime.scheduling.jobscheduling.AlarmManagerSchedulerBroadcastReceiver"
118-->[com.google.android.datatransport:transport-runtime:4.0.0] AndroidManifest.xml:31:13-132
119            android:exported="false" />
119-->[com.google.android.datatransport:transport-runtime:4.0.0] AndroidManifest.xml:32:13-37
120
121        <service
121-->[com.google.android.datatransport:transport-runtime:4.0.0] AndroidManifest.xml:34:9-36:40
122            android:name="com.google.android.datatransport.runtime.backends.TransportBackendDiscovery"
122-->[com.google.android.datatransport:transport-runtime:4.0.0] AndroidManifest.xml:35:13-103
123            android:exported="false" />
123-->[com.google.android.datatransport:transport-runtime:4.0.0] AndroidManifest.xml:36:13-37
124
125        <receiver
125-->[androidx.profileinstaller:profileinstaller:1.3.1] AndroidManifest.xml:34:9-52:20
126            android:name="androidx.profileinstaller.ProfileInstallReceiver"
126-->[androidx.profileinstaller:profileinstaller:1.3.1] AndroidManifest.xml:35:13-76
127            android:directBootAware="false"
127-->[androidx.profileinstaller:profileinstaller:1.3.1] AndroidManifest.xml:36:13-44
128            android:enabled="true"
128-->[androidx.profileinstaller:profileinstaller:1.3.1] AndroidManifest.xml:37:13-35
129            android:exported="true"
129-->[androidx.profileinstaller:profileinstaller:1.3.1] AndroidManifest.xml:38:13-36
130            android:permission="android.permission.DUMP" >
130-->[androidx.profileinstaller:profileinstaller:1.3.1] AndroidManifest.xml:39:13-57
131            <intent-filter>
131-->[androidx.profileinstaller:profileinstaller:1.3.1] AndroidManifest.xml:40:13-42:29
132                <action android:name="androidx.profileinstaller.action.INSTALL_PROFILE" />
132-->[androidx.profileinstaller:profileinstaller:1.3.1] AndroidManifest.xml:41:17-91
132-->[androidx.profileinstaller:profileinstaller:1.3.1] AndroidManifest.xml:41:25-88
133            </intent-filter>
134            <intent-filter>
134-->[androidx.profileinstaller:profileinstaller:1.3.1] AndroidManifest.xml:43:13-45:29
135                <action android:name="androidx.profileinstaller.action.SKIP_FILE" />
135-->[androidx.profileinstaller:profileinstaller:1.3.1] AndroidManifest.xml:44:17-85
135-->[androidx.profileinstaller:profileinstaller:1.3.1] AndroidManifest.xml:44:25-82
136            </intent-filter>
137            <intent-filter>
137-->[androidx.profileinstaller:profileinstaller:1.3.1] AndroidManifest.xml:46:13-48:29
138                <action android:name="androidx.profileinstaller.action.SAVE_PROFILE" />
138-->[androidx.profileinstaller:profileinstaller:1.3.1] AndroidManifest.xml:47:17-88
138-->[androidx.profileinstaller:profileinstaller:1.3.1] AndroidManifest.xml:47:25-85
139            </intent-filter>
140            <intent-filter>
140-->[androidx.profileinstaller:profileinstaller:1.3.1] AndroidManifest.xml:49:13-51:29
141                <action android:name="androidx.profileinstaller.action.BENCHMARK_OPERATION" />
141-->[androidx.profileinstaller:profileinstaller:1.3.1] AndroidManifest.xml:50:17-95
141-->[androidx.profileinstaller:profileinstaller:1.3.1] AndroidManifest.xml:50:25-92
142            </intent-filter>
143        </receiver>
144    </application>
145
146</manifest>